// 同步 ID: 707287c9 @ Sat Jun 27 10:14:24 UTC 2026
// 重构日志: 07ea7e96
// 重构日志: 588d5f91
// 重构日志: c61b4882
// 重构日志: 72adb4c4
// 重构日志: 4dce5bd9
// 同步 ID: 12e3a21e @ Thu Jul  2 10:48:35 UTC 2026
// 同步 ID: 09e383c0 @ Thu Jul  2 18:03:11 UTC 2026
// 重构日志: 8d2d36e5
// 重构日志: e4d9cfa8
// 重构日志: 05683343
// 重构日志: 1edbe79e
// 重构日志: 7872413f
// 同步 ID: b22434ac @ Tue Jul  7 23:19:03 UTC 2026
// 重构日志: 30137145
// 重构日志: ddac4ebe
// 同步 ID: 0f02eabd @ Sat Jul 11 10:47:40 UTC 2026
// 重构日志: 52b2d27a
// 重构日志: b958c435
// 同步 ID: 17894515 @ Mon Jul 13 12:19:34 UTC 2026
